<?xml version="1.0" encoding="UTF-8"?>
<!-- Generated by org.testng.reporters.JUnitReportReporter -->
<testsuite hostname="Sharath-Dwaral" name="TestCustomerRepositoryImpl" tests="2" failures="0" timestamp="28 Aug 2017 11:31:00 GMT" time="0.877" errors="0">
  <testcase name="testGetMatchingNames" time="0.041" classname="TestCustomerRepositoryImpl"/>
  <testcase name="testFindCustomerById" time="0.836" classname="TestCustomerRepositoryImpl"/>
</testsuite> <!-- TestCustomerRepositoryImpl -->
