<?xml version="1.0" encoding="UTF-8"?>
<!-- Generated by org.testng.reporters.JUnitReportReporter -->
<testsuite hostname="Sharath-Dwaral" name="TestExceptionClasses" tests="6" failures="0" timestamp="28 Aug 2017 11:31:00 GMT" time="0.001" errors="0">
  <testcase name="testEmailNotException" time="0.000" classname="TestExceptionClasses"/>
  <testcase name="testNoNameFoundException" time="0.000" classname="TestExceptionClasses"/>
  <testcase name="testPayloadValidationdException" time="0.000" classname="TestExceptionClasses"/>
  <testcase name="testInvalidHeaderException" time="0.001" classname="TestExceptionClasses"/>
  <testcase name="testMerchantNotFoundException" time="0.000" classname="TestExceptionClasses"/>
  <testcase name="testCustomerNotFoundException" time="0.000" classname="TestExceptionClasses"/>
</testsuite> <!-- TestExceptionClasses -->
